# JRE version: Java(TM) SE Runtime Environment (12.0.2+10) (build 12.0.2+10)
# Java VM: Java HotSpot(TM) 64-Bit Server VM (12.0.2+10, mixed mode, sharing, tiered, compressed oops, g1 gc, windows-amd64)
Heap:
 garbage-first heap   total 262144K, used 71162K [0x00000000e0000000, 0x0000000100000000)
  region size 1024K, 52 young (53248K), 20 survivors (20480K)
 Metaspace       used 55541K, capacity 57658K, committed 57776K, reserved 305152K
  class space    used 7716K, capacity 8444K, committed 8448K, reserved 253952K
GC Heap History (10 events):
Event: 0.577 GC heap before
{Heap before GC invocations=0 (full 0):
 garbage-first heap   total 262144K, used 29696K [0x00000000e0000000, 0x0000000100000000)
  region size 1024K, 24 young (24576K), 0 survivors (0K)
 Metaspace       used 3152K, capacity 6189K, committed 6400K, reserved 262144K
  class space    used 412K, capacity 701K, committed 768K, reserved 253952K
}
Event: 0.581 GC heap after
{Heap after GC invocations=1 (full 0):
 garbage-first heap   total 262144K, used 8800K [0x00000000e0000000, 0x0000000100000000)
  region size 1024K, 3 young (3072K), 3 survivors (3072K)
 Metaspace       used 3152K, capacity 6189K, committed 6400K, reserved 262144K
  class space    used 412K, capacity 701K, committed 768K, reserved 253952K
}
Event: 3.159 GC heap before
{Heap before GC invocations=1 (full 0):
 garbage-first heap   total 262144K, used 162400K [0x00000000e0000000, 0x0000000100000000)
  region size 1024K, 153 young (156672K), 3 survivors (3072K)
 Metaspace       used 19125K, capacity 19751K, committed 19840K, reserved 272384K
  class space    used 2748K, capacity 2933K, committed 2944K, reserved 253952K
}
Event: 3.166 GC heap after
{Heap after GC invocations=2 (full 0):
 garbage-first heap   total 262144K, used 18154K [0x00000000e0000000, 0x0000000100000000)
  region size 1024K, 13 young (13312K), 13 survivors (13312K)
 Metaspace       used 19125K, capacity 19751K, committed 19840K, reserved 272384K
  class space    used 2748K, capacity 2933K, committed 2944K, reserved 253952K
}
Event: 3.345 GC heap before
{Heap before GC invocations=2 (full 0):
 garbage-first heap   total 262144K, used 31466K [0x00000000e0000000, 0x0000000100000000)
  region size 1024K, 27 young (27648K), 13 survivors (13312K)
 Metaspace       used 20516K, capacity 21132K, committed 21296K, reserved 272384K
  class space    used 2927K, capacity 3137K, committed 3200K, reserved 253952K
}
Event: 3.352 GC heap after
{Heap after GC invocations=3 (full 0):
 garbage-first heap   total 262144K, used 19174K [0x00000000e0000000, 0x0000000100000000)
  region size 1024K, 2 young (2048K), 2 survivors (2048K)
 Metaspace       used 20516K, capacity 21132K, committed 21296K, reserved 272384K
  class space    used 2927K, capacity 3137K, committed 3200K, reserved 253952K
}
Event: 4.965 GC heap before
{Heap before GC invocations=4 (full 0):
 garbage-first heap   total 262144K, used 143078K [0x00000000e0000000, 0x0000000100000000)
  region size 1024K, 121 young (123904K), 2 survivors (2048K)
 Metaspace       used 34682K, capacity 35783K, committed 35888K, reserved 284672K
  class space    used 4788K, capacity 5158K, committed 5248K, reserved 253952K
}
Event: 4.977 GC heap after
{Heap after GC invocations=5 (full 0):
 garbage-first heap   total 262144K, used 26881K [0x00000000e0000000, 0x0000000100000000)
  region size 1024K, 9 young (9216K), 9 survivors (9216K)
 Metaspace       used 34682K, capacity 35783K, committed 35888K, reserved 284672K
  class space    used 4788K, capacity 5158K, committed 5248K, reserved 253952K
}
Event: 11.252 GC heap before
{Heap before GC invocations=6 (full 0):
 garbage-first heap   total 262144K, used 173313K [0x00000000e0000000, 0x0000000100000000)
  region size 1024K, 153 young (156672K), 9 survivors (9216K)
 Metaspace       used 51982K, capacity 53761K, committed 53808K, reserved 301056K
  class space    used 7183K, capacity 7793K, committed 7808K, reserved 253952K
}
Event: 11.263 GC heap after
{Heap after GC invocations=7 (full 0):
 garbage-first heap   total 262144K, used 38394K [0x00000000e0000000, 0x0000000100000000)
  region size 1024K, 20 young (20480K), 20 survivors (20480K)
 Metaspace       used 51982K, capacity 53761K, committed 53808K, reserved 301056K
  class space    used 7183K, capacity 7793K, committed 7808K, reserved 253952K
}

